<?xml version="1.0" encoding="UTF-8"?>
<!-- Generated by org.testng.reporters.JUnitReportReporter -->
<testsuite skipped="0" hostname="MacBook-Air" name="Demo.ReadPDF" tests="1" failures="0" timestamp="2022-04-06T16:15:10 SAST" time="0.012" errors="0">
  <testcase name="read" time="0.012" classname="Demo.ReadPDF"/>
  <system-out/>
</testsuite> <!-- Demo.ReadPDF -->
